0 info it worked if it ends with ok
1 verbose cli [ '/usr/bin/node', '/usr/bin/npm', 'run', 'build' ]
2 info using npm@3.5.2
3 info using node@v8.10.0
4 verbose run-script [ 'prebuild', 'build', 'postbuild' ]
5 info lifecycle blitzschlag19@1.0.0~prebuild: blitzschlag19@1.0.0
6 silly lifecycle blitzschlag19@1.0.0~prebuild: no script for prebuild, continuing
7 info lifecycle blitzschlag19@1.0.0~build: blitzschlag19@1.0.0
8 verbose lifecycle blitzschlag19@1.0.0~build: unsafe-perm in lifecycle true
9 verbose lifecycle blitzschlag19@1.0.0~build: PATH: /usr/share/npm/bin/node-gyp-bin:/home/eurus/Desktop/saksham/blitzschlag19/node_modules/.bin:/home/eurus/ghidra/:/home/eurus/anaconda3/condabin:/home/eurus/.rvm/gems/ruby-2.7.0/bin:/home/eurus/.rvm/gems/ruby-2.7.0@global/bin:/home/eurus/.rvm/rubies/ruby-2.7.0/bin:/home/eurus/.cargo/bin:/home/eurus/.local/bin:/usr/local/sbin:/usr/local/bin:/usr/sbin:/usr/bin:/sbin:/bin:/usr/games:/usr/local/games:/snap/bin:/usr/local/go/bin:/home/eurus/go/bin:/home/eurus/.rvm/bin:/home/eurus/.rvm/bin
10 verbose lifecycle blitzschlag19@1.0.0~build: CWD: /home/eurus/Desktop/saksham/blitzschlag19
11 silly lifecycle blitzschlag19@1.0.0~build: Args: [ '-c', 'webpack --mode production --optimize-minimize' ]
12 silly lifecycle blitzschlag19@1.0.0~build: Returned: code: 2  signal: null
13 info lifecycle blitzschlag19@1.0.0~build: Failed to exec build script
14 verbose stack Error: blitzschlag19@1.0.0 build: `webpack --mode production --optimize-minimize`
14 verbose stack Exit status 2
14 verbose stack     at EventEmitter.<anonymous> (/usr/share/npm/lib/utils/lifecycle.js:232:16)
14 verbose stack     at emitTwo (events.js:126:13)
14 verbose stack     at EventEmitter.emit (events.js:214:7)
14 verbose stack     at ChildProcess.<anonymous> (/usr/share/npm/lib/utils/spawn.js:24:14)
14 verbose stack     at emitTwo (events.js:126:13)
14 verbose stack     at ChildProcess.emit (events.js:214:7)
14 verbose stack     at maybeClose (internal/child_process.js:925:16)
14 verbose stack     at Process.ChildProcess._handle.onexit (internal/child_process.js:209:5)
15 verbose pkgid blitzschlag19@1.0.0
16 verbose cwd /home/eurus/Desktop/saksham/blitzschlag19
17 error Linux 5.3.0-53-generic
18 error argv "/usr/bin/node" "/usr/bin/npm" "run" "build"
19 error node v8.10.0
20 error npm  v3.5.2
21 error code ELIFECYCLE
22 error blitzschlag19@1.0.0 build: `webpack --mode production --optimize-minimize`
22 error Exit status 2
23 error Failed at the blitzschlag19@1.0.0 build script 'webpack --mode production --optimize-minimize'.
23 error Make sure you have the latest version of node.js and npm installed.
23 error If you do, this is most likely a problem with the blitzschlag19 package,
23 error not with npm itself.
23 error Tell the author that this fails on your system:
23 error     webpack --mode production --optimize-minimize
23 error You can get information on how to open an issue for this project with:
23 error     npm bugs blitzschlag19
23 error Or if that isn't available, you can get their info via:
23 error     npm owner ls blitzschlag19
23 error There is likely additional logging output above.
24 verbose exit [ 1, true ]
